#
# There is insufficient memory for the Java Runtime Environment to continue.
# Native memory allocation (malloc) failed to allocate 130832 bytes for Chunk::new
# Possible reasons:
#   The system is out of physical RAM or swap space
#   The process is running with CompressedOops enabled, and the Java Heap may be blocking the growth of the native heap
# Possible solutions:
#   Reduce memory load on the system
#   Increase physical memory or swap space
#   Check if swap backing store is full
#   Decrease Java heap size (-Xmx/-Xms)
#   Decrease number of Java threads
#   Decrease Java thread stack sizes (-Xss)
#   Set larger code cache with -XX:ReservedCodeCacheSize=
#   JVM is running with Zero Based Compressed Oops mode in which the Java heap is
#     placed in the first 32GB address space. The Java Heap base address is the
#     maximum limit for the native heap growth. Please use -XX:HeapBaseMinAddress
#     to set the Java Heap base and to place the Java Heap above 32GB virtual address.
# This output file may be truncated or incomplete.
#
#  Out of Memory Error (allocation.cpp:389), pid=369544, tid=0x000000000005aa84
#
# JRE version: Java(TM) SE Runtime Environment (8.0_221-b11) (build 1.8.0_221-b11)
# Java VM: Java HotSpot(TM) 64-Bit Server VM (25.221-b11 mixed mode windows-amd64 compressed oops)
# Failed to write core dump. Minidumps are not enabled by default on client versions of Windows
#

---------------  T H R E A D  ---------------

Current thread (0x000000001e8c2000):  JavaThread "C2 CompilerThread1" daemon [_thread_in_native, id=371332, stack(0x000000001f190000,0x000000001f290000)]

Stack: [0x000000001f190000,0x000000001f290000]
[error occurred during error reporting (printing stack bounds), id 0xc0000005]

Native frames: (J=compiled Java code, j=interpreted, Vv=VM code, C=native code)


Current CompileTask:
C2:    781  840  s!   4       sun.misc.URLClassPath::getLoader (243 bytes)


---------------  P R O C E S S  ---------------

Java Threads: ( => current thread )
  0x000000001f763800 JavaThread "Thread-3" daemon [_thread_in_native, id=370872, stack(0x0000000022b00000,0x0000000022c00000)]
  0x000000001f736000 JavaThread "JavaFX-Launcher" [_thread_blocked, id=375104, stack(0x0000000022c00000,0x0000000022d00000)]
  0x000000001f74c800 JavaThread "JavaFX Application Thread" [_thread_in_native, id=361412, stack(0x0000000020a00000,0x0000000020b00000)]
  0x000000001f74a800 JavaThread "Thread-1" daemon [_thread_blocked, id=374664, stack(0x0000000020900000,0x0000000020a00000)]
  0x000000001f6e7000 JavaThread "QuantumRenderer-0" daemon [_thread_blocked, id=374416, stack(0x00000000200a0000,0x00000000201a0000)]
  0x000000001e954000 JavaThread "Service Thread" daemon [_thread_blocked, id=364452, stack(0x000000001f490000,0x000000001f590000)]
  0x000000001e8d3800 JavaThread "C1 CompilerThread3" daemon [_thread_blocked, id=372116, stack(0x000000001f390000,0x000000001f490000)]
  0x000000001e8c7800 JavaThread "C2 CompilerThread2" daemon [_thread_in_native, id=373740, stack(0x000000001f290000,0x000000001f390000)]
=>0x000000001e8c2000 JavaThread "C2 CompilerThread1" daemon [_thread_in_native, id=371332, stack(0x000000001f190000,0x000000001f290000)]
  0x000000001e8bd000 JavaThread "C2 CompilerThread0" daemon [_thread_in_native, id=374500, stack(0x000000001f090000,0x000000001f190000)]
  0x000000001e8bb000 JavaThread "Attach Listener" daemon [_thread_blocked, id=370372, stack(0x000000001ef90000,0x000000001f090000)]
  0x000000001e8ba000 JavaThread "Signal Dispatcher" daemon [_thread_blocked, id=347420, stack(0x000000001ee90000,0x000000001ef90000)]
  0x000000001e8b0800 JavaThread "Finalizer" daemon [_thread_blocked, id=372604, stack(0x000000001ec90000,0x000000001ed90000)]
  0x0000000002f89000 JavaThread "Reference Handler" daemon [_thread_blocked, id=372728, stack(0x000000001e790000,0x000000001e890000)]
  0x000000000155e000 JavaThread "main" [_thread_blocked, id=373352, stack(0x0000000002d90000,0x0000000002e90000)]

Other Threads:
  0x000000001c9ca000 VMThread [stack: 0x000000001e690000,0x000000001e790000] [id=326388]
  0x000000001e977800 WatcherThread [stack: 0x000000001f590000,0x000000001f690000] [id=373444]

VM state:not at safepoint (normal execution)

VM Mutex/Monitor currently owned by a thread: None

heap address: 0x00000006c1800000, size: 4072 MB, Compressed Oops mode: Zero based, Oop shift amount: 3
Narrow klass base: 0x0000000000000000, Narrow klass shift: 3
Compressed class space size: 1073741824 Address: 0x00000007c0000000

Heap:
 PSYoungGen      total 76288K, used 27558K [0x000000076b300000, 0x0000000770800000, 0x00000007c0000000)
  eden space 65536K, 42% used [0x000000076b300000,0x000000076cde98f8,0x000000076f300000)
  from space 10752K, 0% used [0x000000076fd80000,0x000000076fd80000,0x0000000770800000)
  to   space 10752K, 0% used [0x000000076f300000,0x000000076f300000,0x000000076fd80000)
 ParOldGen       total 175104K, used 0K [0x00000006c1800000, 0x00000006cc300000, 0x000000076b300000)
  object space 175104K, 0% used [0x00000006c1800000,0x00000006c1800000,0x00000006cc300000)
 Metaspace       used 12147K, capacity 12550K, committed 12928K, reserved 1060864K
  class space    used 1690K, capacity 1817K, committed 1920K, reserved 1048576K

Card table byte_map: [0x0000000012350000,0x0000000012b50000] byte_map_base: 0x000000000ed44000

Marking Bits: (ParMarkBitMap*) 0x0000000064995ce0
 Begin Bits: [0x00000000138a0000, 0x0000000017840000)
 End Bits:   [0x0000000017840000, 0x000000001b7e0000)

Polling page: 0x0000000000bf0000

CodeCache: size=245760Kb used=3195Kb max_used=3207Kb free=242564Kb
 bounds [0x0000000002f90000, 0x00000000032c0000, 0x0000000011f90000]
 total_blobs=1347 nmethods=849 adapters=411
 compilation: enabled

Compilation events (10 events):
Event: 0.757 Thread 0x000000001e8d3800 nmethod 839 0x00000000032a5590 code [0x00000000032a5700, 0x00000000032a59b0]
Event: 0.759 Thread 0x000000001e8c2000  840  s!   4       sun.misc.URLClassPath::getLoader (243 bytes)
Event: 0.760 Thread 0x000000001e8c7800  841  s    4       sun.misc.URLClassPath::getNextLoader (88 bytes)
Event: 0.760 Thread 0x000000001e8d3800  842       3       java.lang.invoke.MemberName::isCallerSensitive (7 bytes)
Event: 0.761 Thread 0x000000001e8d3800 nmethod 842 0x00000000032a7b50 code [0x00000000032a7cc0, 0x00000000032a7f30]
Event: 0.769 Thread 0x000000001e8d3800  843       3       jdk.internal.org.objectweb.asm.AnnotationVisitor::<init> (35 bytes)
Event: 0.769 Thread 0x000000001e8d3800 nmethod 843 0x00000000032aa610 code [0x00000000032aa780, 0x00000000032aaa88]
Event: 0.772 Thread 0x000000001e8bd000  844   !   4       sun.misc.URLClassPath$JarLoader::getResource (85 bytes)
Event: 0.774 Thread 0x000000001e8d3800  845       3       jdk.internal.org.objectweb.asm.MethodWriter::visitCode (1 bytes)
Event: 0.774 Thread 0x000000001e8d3800 nmethod 845 0x00000000032aaf90 code [0x00000000032ab0e0, 0x00000000032ab230]

GC Heap History (0 events):
No events

Deoptimization events (10 events):
Event: 0.602 Thread 0x000000001f74c800 Uncommon trap: reason=class_check action=maybe_recompile pc=0x00000000031f722c method=java.util.HashMap.getNode(ILjava/lang/Object;)Ljava/util/HashMap$Node; @ 126
Event: 0.602 Thread 0x000000001f74c800 Uncommon trap: reason=class_check action=maybe_recompile pc=0x00000000031f722c method=java.util.HashMap.getNode(ILjava/lang/Object;)Ljava/util/HashMap$Node; @ 126
Event: 0.602 Thread 0x000000001f74c800 Uncommon trap: reason=class_check action=maybe_recompile pc=0x00000000031f722c method=java.util.HashMap.getNode(ILjava/lang/Object;)Ljava/util/HashMap$Node; @ 126
Event: 0.602 Thread 0x000000001f74c800 Uncommon trap: reason=class_check action=maybe_recompile pc=0x00000000031f1484 method=java.util.HashMap.getNode(ILjava/lang/Object;)Ljava/util/HashMap$Node; @ 126
Event: 0.607 Thread 0x000000001f74c800 Uncommon trap: reason=unstable_if action=reinterpret pc=0x0000000003213cac method=java.util.HashMap.getNode(ILjava/lang/Object;)Ljava/util/HashMap$Node; @ 62
Event: 0.619 Thread 0x000000001f74c800 Uncommon trap: reason=bimorphic action=maybe_recompile pc=0x000000000320d588 method=java.util.HashMap.getNode(ILjava/lang/Object;)Ljava/util/HashMap$Node; @ 126
Event: 0.619 Thread 0x000000001f74c800 Uncommon trap: reason=bimorphic action=maybe_recompile pc=0x000000000320d588 method=java.util.HashMap.getNode(ILjava/lang/Object;)Ljava/util/HashMap$Node; @ 126
Event: 0.619 Thread 0x000000001f74c800 Uncommon trap: reason=bimorphic action=maybe_recompile pc=0x000000000320d588 method=java.util.HashMap.getNode(ILjava/lang/Object;)Ljava/util/HashMap$Node; @ 126
Event: 0.619 Thread 0x000000001f74c800 Uncommon trap: reason=bimorphic action=maybe_recompile pc=0x000000000320d588 method=java.util.HashMap.getNode(ILjava/lang/Object;)Ljava/util/HashMap$Node; @ 126
Event: 0.625 Thread 0x000000001f74c800 Uncommon trap: reason=unstable_if action=reinterpret pc=0x000000000313417c method=java.lang.String.startsWith(Ljava/lang/String;I)Z @ 25

Classes redefined (0 events):
No events

Internal exceptions (10 events):
Event: 0.150 Thread 0x000000000155e000 Exception <a 'java/security/PrivilegedActionException'> (0x000000076b6581a0) thrown at [C:\re\workspace\8-2-build-windows-amd64-cygwin\jdk8u221\13320\hotspot\src\share\vm\prims\jvm.cpp, line 1502]
Event: 0.150 Thread 0x000000000155e000 Exception <a 'java/security/PrivilegedActionException'> (0x000000076b6583b0) thrown at [C:\re\workspace\8-2-build-windows-amd64-cygwin\jdk8u221\13320\hotspot\src\share\vm\prims\jvm.cpp, line 1502]
Event: 0.151 Thread 0x000000000155e000 Exception <a 'java/lang/NullPointerException'> (0x000000076b658988) thrown at [C:\re\workspace\8-2-build-windows-amd64-cygwin\jdk8u221\13320\hotspot\src\share\vm\interpreter\linkResolver.cpp, line 1185]
Event: 0.528 Thread 0x000000001f74c800 Exception <a 'java/lang/NullPointerException'> (0x000000076c2ab588) thrown at [C:\re\workspace\8-2-build-windows-amd64-cygwin\jdk8u221\13320\hotspot\src\share\vm\interpreter\linkResolver.cpp, line 1185]
Event: 0.528 Thread 0x000000001f74c800 Exception <a 'java/lang/NullPointerException'> (0x000000076c2ab588) thrown at [C:\re\workspace\8-2-build-windows-amd64-cygwin\jdk8u221\13320\hotspot\src\share\vm\prims\jvm.cpp, line 1506]
Event: 0.559 Thread 0x000000001f74c800 Exception <a 'java/lang/ArrayIndexOutOfBoundsException': 78> (0x000000076c413f28) thrown at [C:\re\workspace\8-2-build-windows-amd64-cygwin\jdk8u221\13320\hotspot\src\share\vm\interpreter\interpreterRuntime.cpp, line 368]
Event: 0.559 Thread 0x000000001f74c800 Exception <a 'java/lang/ArrayIndexOutOfBoundsException': 18> (0x000000076c414e00) thrown at [C:\re\workspace\8-2-build-windows-amd64-cygwin\jdk8u221\13320\hotspot\src\share\vm\interpreter\interpreterRuntime.cpp, line 368]
Event: 0.559 Thread 0x000000001f74c800 Exception <a 'java/lang/ArrayIndexOutOfBoundsException': 86> (0x000000076c4161a8) thrown at [C:\re\workspace\8-2-build-windows-amd64-cygwin\jdk8u221\13320\hotspot\src\share\vm\interpreter\interpreterRuntime.cpp, line 368]
Event: 0.564 Thread 0x000000001f74c800 Exception <a 'java/lang/ArrayIndexOutOfBoundsException'> (0x000000076c42ef10) thrown at [C:\re\workspace\8-2-build-windows-amd64-cygwin\jdk8u221\13320\hotspot\src\share\vm\runtime\sharedRuntime.cpp, line 605]
Event: 0.627 Thread 0x000000001f74c800 Exception <a 'java/lang/ArrayIndexOutOfBoundsException'> (0x000000076c78feb8) thrown at [C:\re\workspace\8-2-build-windows-amd64-cygwin\jdk8u221\13320\hotspot\src\share\vm\runtime\sharedRuntime.cpp, line 605]

Events (10 events):
Event: 0.777 loading class javafx/scene/Node$NodeTransformation$1
Event: 0.777 loading class javafx/scene/Node$NodeTransformation$1 done
Event: 0.777 loading class com/sun/javafx/scene/transform/TransformUtils
Event: 0.777 loading class com/sun/javafx/scene/transform/TransformUtils done
Event: 0.777 loading class com/sun/javafx/scene/transform/TransformUtils$ImmutableTransform
Event: 0.777 loading class com/sun/javafx/scene/transform/TransformUtils$ImmutableTransform done
Event: 0.778 loading class javafx/scene/transform/NonInvertibleTransformException
Event: 0.778 loading class javafx/scene/transform/NonInvertibleTransformException done
Event: 0.779 loading class com/sun/javafx/sg/prism/NGDefaultCamera
Event: 0.779 loading class com/sun/javafx/sg/prism/NGDefaultCamera done


Dynamic libraries:
0x00007ff629be0000 - 0x00007ff629c17000 	C:\Program Files\Java\jre1.8.0_221\bin\javaw.exe
0x00007ffcf1b40000 - 0x00007ffcf1d30000 	C:\Windows\SYSTEM32\ntdll.dll
0x00007ffcf0550000 - 0x00007ffcf0602000 	C:\Windows\System32\KERNEL32.DLL
0x00007ffceee40000 - 0x00007ffcef0e3000 	C:\Windows\System32\KERNELBASE.dll
0x00007ffcf03c0000 - 0x00007ffcf0463000 	C:\Windows\System32\ADVAPI32.dll
0x00007ffcf1500000 - 0x00007ffcf159e000 	C:\Windows\System32\msvcrt.dll
0x00007ffcf0fd0000 - 0x00007ffcf1067000 	C:\Windows\System32\sechost.dll
0x00007ffcefcc0000 - 0x00007ffcefde0000 	C:\Windows\System32\RPCRT4.dll
0x00007ffcf0610000 - 0x00007ffcf07a4000 	C:\Windows\System32\USER32.dll
0x00007ffceecc0000 - 0x00007ffceece1000 	C:\Windows\System32\win32u.dll
0x00007ffcf0020000 - 0x00007ffcf0046000 	C:\Windows\System32\GDI32.dll
0x00007ffceeb20000 - 0x00007ffceecb4000 	C:\Windows\System32\gdi32full.dll
0x00007ffcefa00000 - 0x00007ffcefa9e000 	C:\Windows\System32\msvcp_win.dll
0x00007ffcef870000 - 0x00007ffcef96a000 	C:\Windows\System32\ucrtbase.dll
0x00007ffcda780000 - 0x00007ffcdaa05000 	C:\Windows\WinSxS\amd64_microsoft.windows.common-controls_6595b64144ccf1df_6.0.18362.418_none_e6c6b287130d565d\COMCTL32.dll
0x00007ffcf17c0000 - 0x00007ffcf1af6000 	C:\Windows\System32\combase.dll
0x00007ffceedc0000 - 0x00007ffceee40000 	C:\Windows\System32\bcryptPrimitives.dll
0x00007ffcf0050000 - 0x00007ffcf007e000 	C:\Windows\System32\IMM32.DLL
0x0000000063fb0000 - 0x0000000064082000 	C:\Program Files\Java\jre1.8.0_221\bin\msvcr100.dll
0x0000000064170000 - 0x0000000064a15000 	C:\Program Files\Java\jre1.8.0_221\bin\server\jvm.dll
0x00007ffcf03b0000 - 0x00007ffcf03b8000 	C:\Windows\System32\PSAPI.DLL
0x00007ffcd80b0000 - 0x00007ffcd80b9000 	C:\Windows\SYSTEM32\WSOCK32.dll
0x00007ffce9aa0000 - 0x00007ffce9ac4000 	C:\Windows\SYSTEM32\WINMM.dll
0x00007ffce6330000 - 0x00007ffce633a000 	C:\Windows\SYSTEM32\VERSION.dll
0x00007ffcf0200000 - 0x00007ffcf026f000 	C:\Windows\System32\WS2_32.dll
0x00007ffce9a70000 - 0x00007ffce9a9d000 	C:\Windows\SYSTEM32\WINMMBASE.dll
0x00007ffceead0000 - 0x00007ffceeb1a000 	C:\Windows\System32\cfgmgr32.dll
0x00007ffcec820000 - 0x00007ffcec82f000 	C:\Program Files\Java\jre1.8.0_221\bin\verify.dll
0x00007ffcd3190000 - 0x00007ffcd31b9000 	C:\Program Files\Java\jre1.8.0_221\bin\java.dll
0x00007ffce35f0000 - 0x00007ffce3606000 	C:\Program Files\Java\jre1.8.0_221\bin\zip.dll
0x00007ffcf0860000 - 0x00007ffcf0f45000 	C:\Windows\System32\SHELL32.dll
0x00007ffcf0150000 - 0x00007ffcf01f9000 	C:\Windows\System32\shcore.dll
0x00007ffcef0f0000 - 0x00007ffcef86f000 	C:\Windows\System32\windows.storage.dll
0x00007ffceeab0000 - 0x00007ffceeacf000 	C:\Windows\System32\profapi.dll
0x00007ffceea20000 - 0x00007ffceea6a000 	C:\Windows\System32\powrprof.dll
0x00007ffceea10000 - 0x00007ffceea20000 	C:\Windows\System32\UMPDC.dll
0x00007ffceff40000 - 0x00007ffceff92000 	C:\Windows\System32\shlwapi.dll
0x00007ffceea90000 - 0x00007ffceeaa1000 	C:\Windows\System32\kernel.appcore.dll
0x00007ffceeda0000 - 0x00007ffceedb7000 	C:\Windows\System32\cryptsp.dll
0x0000000001090000 - 0x0000000001093000 	C:\Program Files\Java\jre1.8.0_221\bin\api-ms-win-core-console-l1-1-0.dll
0x0000000001520000 - 0x0000000001523000 	C:\Program Files\Java\jre1.8.0_221\bin\api-ms-win-core-datetime-l1-1-0.dll
0x0000000001530000 - 0x0000000001533000 	C:\Program Files\Java\jre1.8.0_221\bin\api-ms-win-core-debug-l1-1-0.dll
0x0000000001540000 - 0x0000000001543000 	C:\Program Files\Java\jre1.8.0_221\bin\api-ms-win-core-errorhandling-l1-1-0.dll
0x00000000015b0000 - 0x00000000015b4000 	C:\Program Files\Java\jre1.8.0_221\bin\api-ms-win-core-file-l1-1-0.dll
0x00000000015c0000 - 0x00000000015c3000 	C:\Program Files\Java\jre1.8.0_221\bin\api-ms-win-core-file-l1-2-0.dll
0x00000000015d0000 - 0x00000000015d3000 	C:\Program Files\Java\jre1.8.0_221\bin\api-ms-win-core-file-l2-1-0.dll
0x000000001fe90000 - 0x000000001fe93000 	C:\Program Files\Java\jre1.8.0_221\bin\api-ms-win-core-handle-l1-1-0.dll
0x000000001fea0000 - 0x000000001fea3000 	C:\Program Files\Java\jre1.8.0_221\bin\api-ms-win-core-heap-l1-1-0.dll
0x000000001feb0000 - 0x000000001feb3000 	C:\Program Files\Java\jre1.8.0_221\bin\api-ms-win-core-interlocked-l1-1-0.dll
0x000000001fec0000 - 0x000000001fec3000 	C:\Program Files\Java\jre1.8.0_221\bin\api-ms-win-core-libraryloader-l1-1-0.dll
0x000000001fed0000 - 0x000000001fed3000 	C:\Program Files\Java\jre1.8.0_221\bin\api-ms-win-core-localization-l1-2-0.dll
0x000000001fee0000 - 0x000000001fee3000 	C:\Program Files\Java\jre1.8.0_221\bin\api-ms-win-core-memory-l1-1-0.dll
0x000000001fef0000 - 0x000000001fef3000 	C:\Program Files\Java\jre1.8.0_221\bin\api-ms-win-core-namedpipe-l1-1-0.dll
0x000000001ff00000 - 0x000000001ff03000 	C:\Program Files\Java\jre1.8.0_221\bin\api-ms-win-core-processenvironment-l1-1-0.dll
0x000000001ff10000 - 0x000000001ff13000 	C:\Program Files\Java\jre1.8.0_221\bin\api-ms-win-core-processthreads-l1-1-0.dll
0x000000001ff20000 - 0x000000001ff23000 	C:\Program Files\Java\jre1.8.0_221\bin\api-ms-win-core-processthreads-l1-1-1.dll
0x000000001ff30000 - 0x000000001ff33000 	C:\Program Files\Java\jre1.8.0_221\bin\api-ms-win-core-profile-l1-1-0.dll
0x000000001ff40000 - 0x000000001ff43000 	C:\Program Files\Java\jre1.8.0_221\bin\api-ms-win-core-rtlsupport-l1-1-0.dll
0x000000001ff50000 - 0x000000001ff53000 	C:\Program Files\Java\jre1.8.0_221\bin\api-ms-win-core-string-l1-1-0.dll
0x000000001ff60000 - 0x000000001ff63000 	C:\Program Files\Java\jre1.8.0_221\bin\api-ms-win-core-synch-l1-1-0.dll
0x000000001ff70000 - 0x000000001ff73000 	C:\Program Files\Java\jre1.8.0_221\bin\api-ms-win-core-synch-l1-2-0.dll
0x000000001ff80000 - 0x000000001ff83000 	C:\Program Files\Java\jre1.8.0_221\bin\api-ms-win-core-sysinfo-l1-1-0.dll
0x000000001ff90000 - 0x000000001ff93000 	C:\Program Files\Java\jre1.8.0_221\bin\api-ms-win-core-timezone-l1-1-0.dll
0x000000001ffa0000 - 0x000000001ffa3000 	C:\Program Files\Java\jre1.8.0_221\bin\api-ms-win-core-util-l1-1-0.dll
0x000000001ffb0000 - 0x000000001ffb3000 	C:\Program Files\Java\jre1.8.0_221\bin\api-ms-win-crt-conio-l1-1-0.dll
0x000000001ffc0000 - 0x000000001ffc4000 	C:\Program Files\Java\jre1.8.0_221\bin\api-ms-win-crt-convert-l1-1-0.dll
0x000000001ffd0000 - 0x000000001ffd3000 	C:\Program Files\Java\jre1.8.0_221\bin\api-ms-win-crt-environment-l1-1-0.dll
0x000000001ffe0000 - 0x000000001ffe3000 	C:\Program Files\Java\jre1.8.0_221\bin\api-ms-win-crt-filesystem-l1-1-0.dll
0x000000001fff0000 - 0x000000001fff3000 	C:\Program Files\Java\jre1.8.0_221\bin\api-ms-win-crt-heap-l1-1-0.dll
0x0000000020000000 - 0x0000000020003000 	C:\Program Files\Java\jre1.8.0_221\bin\api-ms-win-crt-locale-l1-1-0.dll
0x0000000020010000 - 0x0000000020015000 	C:\Program Files\Java\jre1.8.0_221\bin\api-ms-win-crt-math-l1-1-0.dll
0x0000000020020000 - 0x0000000020025000 	C:\Program Files\Java\jre1.8.0_221\bin\api-ms-win-crt-multibyte-l1-1-0.dll
0x0000000020030000 - 0x0000000020040000 	C:\Program Files\Java\jre1.8.0_221\bin\api-ms-win-crt-private-l1-1-0.dll
0x0000000020040000 - 0x0000000020043000 	C:\Program Files\Java\jre1.8.0_221\bin\api-ms-win-crt-process-l1-1-0.dll
0x0000000020050000 - 0x0000000020054000 	C:\Program Files\Java\jre1.8.0_221\bin\api-ms-win-crt-runtime-l1-1-0.dll
0x0000000020060000 - 0x0000000020064000 	C:\Program Files\Java\jre1.8.0_221\bin\api-ms-win-crt-stdio-l1-1-0.dll
0x0000000020070000 - 0x0000000020074000 	C:\Program Files\Java\jre1.8.0_221\bin\api-ms-win-crt-string-l1-1-0.dll
0x0000000020080000 - 0x0000000020083000 	C:\Program Files\Java\jre1.8.0_221\bin\api-ms-win-crt-time-l1-1-0.dll
0x0000000020090000 - 0x0000000020093000 	C:\Program Files\Java\jre1.8.0_221\bin\api-ms-win-crt-utility-l1-1-0.dll
0x00007ffcc9ed0000 - 0x00007ffcc9fc6000 	C:\Program Files\Java\jre1.8.0_221\bin\ucrtbase.dll
0x00007ffcec970000 - 0x00007ffcec986000 	C:\Program Files\Java\jre1.8.0_221\bin\vcruntime140.dll
0x00007ffcc9bf0000 - 0x00007ffcc9c9a000 	C:\Program Files\Java\jre1.8.0_221\bin\msvcp140.dll
0x00007ffcd30f0000 - 0x00007ffcd3144000 	C:\Program Files\Java\jre1.8.0_221\bin\concrt140.dll
0x00007ffce88f0000 - 0x00007ffce8913000 	C:\Program Files\Java\jre1.8.0_221\bin\prism_d3d.dll
0x00007ffccbe60000 - 0x00007ffccc027000 	C:\Windows\system32\d3d9.dll
0x00007ffced1b0000 - 0x00007ffced1dd000 	C:\Windows\SYSTEM32\dwmapi.dll
0x00007ffced6f0000 - 0x00007ffced710000 	C:\Windows\SYSTEM32\dxcore.dll
0x00007ffcecd90000 - 0x00007ffcece29000 	C:\Windows\system32\uxtheme.dll
0x00007ffce6380000 - 0x00007ffce6515000 	C:\Windows\System32\DriverStore\FileRepository\c0313060.inf_amd64_1c9acae1bcb5d92f\aticfx64.dll
0x00007ffcc9240000 - 0x00007ffcc9272000 	C:\Windows\System32\DriverStore\FileRepository\c0313060.inf_amd64_1c9acae1bcb5d92f\atiu9p64.dll
0x00007ffc8bc80000 - 0x00007ffc8c5b6000 	C:\Windows\System32\DriverStore\FileRepository\c0313060.inf_amd64_1c9acae1bcb5d92f\atiumd64.dll
0x00007ffcefde0000 - 0x00007ffceff36000 	C:\Windows\System32\ole32.dll
0x0000000064a80000 - 0x00000000658a7000 	C:\Windows\System32\DriverStore\FileRepository\c0313060.inf_amd64_1c9acae1bcb5d92f\atiumd6a.dll
0x00007ffcd0860000 - 0x00007ffcd08a9000 	C:\Program Files\Java\jre1.8.0_221\bin\glass.dll
0x00007ffcefbf0000 - 0x00007ffcefcc0000 	C:\Windows\System32\COMDLG32.dll
0x00007ffcf0080000 - 0x00007ffcf0144000 	C:\Windows\System32\OLEAUT32.dll
0x00007ffcf0270000 - 0x00007ffcf03a6000 	C:\Windows\System32\MSCTF.dll
0x00007ffce96e0000 - 0x00007ffce96f4000 	C:\Program Files\Java\jre1.8.0_221\bin\javafx_font.dll
0x00007ffce39f0000 - 0x00007ffce3cee000 	C:\Windows\SYSTEM32\dwrite.dll
0x00007ffcf07b0000 - 0x00007ffcf0852000 	C:\Windows\System32\clbcatq.dll
0x00007ffce76a0000 - 0x00007ffce784f000 	C:\Windows\SYSTEM32\WindowsCodecs.dll
0x00007ffcd6ab0000 - 0x00007ffcd6aea000 	C:\Windows\system32\dataexchange.dll
0x00007ffcebb40000 - 0x00007ffcebd9b000 	C:\Windows\system32\d3d11.dll
0x00007ffcec200000 - 0x00007ffcec3db000 	C:\Windows\system32\dcomp.dll
0x00007ffced710000 - 0x00007ffced7fb000 	C:\Windows\system32\dxgi.dll
0x00007ffcece50000 - 0x00007ffced0aa000 	C:\Windows\system32\twinapi.appcore.dll
0x00007ffced1e0000 - 0x00007ffced209000 	C:\Windows\system32\RMCLIENT.dll
0x00007ffcc9200000 - 0x00007ffcc9233000 	C:\Program Files\Common Files\Microsoft Shared\Ink\rtscom.dll

VM Arguments:
jvm_args: -Dfile.encoding=Cp1252 
java_command: TravelCalculator
java_class_path (initial): C:\Users\Ryan\git\TravelCalculator\TravelCalculator\target\classes;C:\Users\Ryan\.m2\repository\javax\money\money-api\1.0.3\money-api-1.0.3.jar;C:\Users\Ryan\.m2\repository\org\json\json\20180130\json-20180130.jar;C:\Users\Ryan\.m2\repository\com\google\code\gson\gson\2.8.0\gson-2.8.0.jar;C:\Users\Ryan\.m2\repository\org\apache\httpcomponents\httpclient\4.3.6\httpclient-4.3.6.jar;C:\Users\Ryan\.m2\repository\org\apache\httpcomponents\httpcore\4.3.3\httpcore-4.3.3.jar;C:\Users\Ryan\.m2\repository\commons-logging\commons-logging\1.1.3\commons-logging-1.1.3.jar;C:\Users\Ryan\.m2\repository\commons-codec\commons-codec\1.6\commons-codec-1.6.jar
Launcher Type: SUN_STANDARD

Environment Variables:
PATH=C:/Program Files/Java/jre1.8.0_221/bin/server;C:/Program Files/Java/jre1.8.0_221/bin;C:/Program Files/Java/jre1.8.0_221/lib/amd64;C:\Program Files (x86)\Razer Chroma SDK\bin;C:\Program Files\Razer Chroma SDK\bin;C:\Program Files (x86)\Common Files\Oracle\Java\javapath;C:\Program Files\AdoptOpenJDK\jdk-8.0.222.10-hotspot\bin;C:\Program Files\AdoptOpenJDK\jdk-11.0.4.11-hotspot\bin;C:\Program Files (x86)\Razer\ChromaBroadcast\bin;C:\Program Files\Razer\ChromaBroadcast\bin;C:\Program Files (x86)\Intel\iCLS Client\;C:\Program Files\Intel\iCLS Client\;C:\Windows\system32;C:\Windows;C:\Windows\System32\Wbem;C:\Windows\System32\WindowsPowerShell\v1.0\;C:\Windows\System32\OpenSSH\;C:\Program Files\dotnet\;C:\Program Files\Microsoft SQL Server\130\Tools\Binn\;C:\Program Files\Git\cmd;C:\Program Files\Microsoft SQL Server\Client SDK\ODBC\170\Tools\Binn\;C:\Users\Ryan\AppData\Local\Microsoft\WindowsApps;C:\Users\Ryan\.dotnet\tools;C:\Program Files\Java\jkd-11.0.1\bin;C:\Program Files (x86)\Microsoft SQL Server\150\DTS\Binn\;C:\Users\Ryan\AppData\Local\Microsoft\WindowsApps;C:\Users\Ryan\.dotnet\tools;C:\Users\Ryan\AppData\Local\Programs\Microsoft VS Code\bin;C:\Users\Ryan\AppData\Local\atom\bin;C:\Users\Ryan\AppData\Local\GitHubDesktop\bin;C:\Windows\system32;
USERNAME=Ryan
OS=Windows_NT
PROCESSOR_IDENTIFIER=Intel64 Family 6 Model 158 Stepping 9, GenuineIntel



---------------  S Y S T E M  ---------------

OS: Windows 10.0 , 64 bit Build 18362 (10.0.18362.329)

CPU:total 8 (initial active 8) (4 cores per cpu, 2 threads per core) family 6 model 158 stepping 9, cmov, cx8, fxsr, mmx, sse, sse2, sse3, ssse3, sse4.1, sse4.2, popcnt, avx, avx2, aes, clmul, erms, rtm, 3dnowpref, lzcnt, ht, tsc, tscinvbit, bmi1, bmi2, adx

Memory: 4k page, physical 16671964k(8082736k free), swap 28996440k(5152k free)

vm_info: Java HotSpot(TM) 64-Bit Server VM (25.221-b11) for windows-amd64 JRE (1.8.0_221-b11), built on Jul  4 2019 04:39:29 by "java_re" with MS VC++ 10.0 (VS2010)

time: Thu Oct 24 03:44:31 2019
timezone: Central Daylight Time
elapsed time: 0 seconds (0d 0h 0m 0s)

